#
# There is insufficient memory for the Java Runtime Environment to continue.
# Native memory allocation (malloc) failed to allocate 148976 bytes for Chunk::new
# Possible reasons:
#   The system is out of physical RAM or swap space
#   The process is running with CompressedOops enabled, and the Java Heap may be blocking the growth of the native heap
# Possible solutions:
#   Reduce memory load on the system
#   Increase physical memory or swap space
#   Check if swap backing store is full
#   Decrease Java heap size (-Xmx/-Xms)
#   Decrease number of Java threads
#   Decrease Java thread stack sizes (-Xss)
#   Set larger code cache with -XX:ReservedCodeCacheSize=
#   JVM is running with Unscaled Compressed Oops mode in which the Java heap is
#     placed in the first 4GB address space. The Java Heap base address is the
#     maximum limit for the native heap growth. Please use -XX:HeapBaseMinAddress
#     to set the Java Heap base and to place the Java Heap above 4GB virtual address.
# This output file may be truncated or incomplete.
#
#  Out of Memory Error (arena.cpp:189), pid=90148, tid=91740
#
# JRE version: OpenJDK Runtime Environment Temurin-17.0.4.1+1 (17.0.4.1+1) (build 17.0.4.1+1)
# Java VM: OpenJDK 64-Bit Server VM Temurin-17.0.4.1+1 (17.0.4.1+1, mixed mode, tiered, compressed oops, compressed class ptrs, g1 gc, windows-amd64)
# No core dump will be written. Minidumps are not enabled by default on client versions of Windows
#

---------------  S U M M A R Y ------------

Command Line: -Dfile.encoding=UTF-8 --module-path=C:\Users\zaina\Desktop\MyFile\Me\Java\Workspace\SwingInterface\bin -XX:+ShowCodeDetailsInExceptionMessages -Djdk.module.main=SwingInterface SwingInterface/avaswing.Memorygame

Host: 11th Gen Intel(R) Core(TM) i5-1135G7 @ 2.40GHz, 8 cores, 7G,  Windows 11 , 64 bit Build 22000 (10.0.22000.708)
Time: Wed Oct 12 00:19:12 2022 Maroc (heure d64 bit Build 22000 (10.0.22000.708) elapsed time: 0.315528 seconds (0d 0h 0m 0s)

---------------  T H R E A D  ---------------

Current thread (0x000002a5f1831380):  JavaThread "C2 CompilerThread0" daemon [_thread_in_native, id=91740, stack(0x000000e994100000,0x000000e994200000)]


Current CompileTask:
C2:    315  441       4       java.lang.StringLatin1::replace (198 bytes)

Stack: [0x000000e994100000,0x000000e994200000]
Native frames: (J=compiled Java code, j=interpreted, Vv=VM code, C=native code)
V  [jvm.dll+0x67731a]
V  [jvm.dll+0x832284]
V  [jvm.dll+0x833a2e]
V  [jvm.dll+0x834093]
V  [jvm.dll+0x245775]
V  [jvm.dll+0xabd7b]
V  [jvm.dll+0xac30c]
V  [jvm.dll+0x2ac80f]
V  [jvm.dll+0x57dd77]
V  [jvm.dll+0x220892]
V  [jvm.dll+0x220c6f]
V  [jvm.dll+0x21a4d5]
V  [jvm.dll+0x21799b]
V  [jvm.dll+0x1a3f8d]
V  [jvm.dll+0x227498]
V  [jvm.dll+0x2255e5]
V  [jvm.dll+0x7e7e9b]
V  [jvm.dll+0x7e240a]
V  [jvm.dll+0x6761a5]
C  [ucrtbase.dll+0x26c0c]
C  [KERNEL32.DLL+0x154e0]
C  [ntdll.dll+0x485b]


---------------  P R O C E S S  ---------------

Threads class SMR info:
_java_thread_list=0x000002a5f1ca8520, length=15, elements={
0x000002a5d4e46e50, 0x000002a5f1813020, 0x000002a5f0c30810, 0x000002a5f0c6d7c0,
0x000002a5f0c70180, 0x000002a5f18276b0, 0x000002a5f1828280, 0x000002a5f1831380,
0x000002a5f1832ab0, 0x000002a5f18363d0, 0x000002a5f0c7e9f0, 0x000002a5f1ab4620,
0x000002a5f1b7d290, 0x000002a5f1b7d760, 0x000002a5f1b7dc30
}

Java Threads: ( => current thread )
  0x000002a5d4e46e50 JavaThread "main" [_thread_in_vm, id=87896, stack(0x000000e993400000,0x000000e993500000)]
  0x000002a5f1813020 JavaThread "Reference Handler" daemon [_thread_blocked, id=50824, stack(0x000000e993b00000,0x000000e993c00000)]
  0x000002a5f0c30810 JavaThread "Finalizer" daemon [_thread_blocked, id=57216, stack(0x000000e993c00000,0x000000e993d00000)]
  0x000002a5f0c6d7c0 JavaThread "Signal Dispatcher" daemon [_thread_blocked, id=87656, stack(0x000000e993d00000,0x000000e993e00000)]
  0x000002a5f0c70180 JavaThread "Attach Listener" daemon [_thread_blocked, id=67132, stack(0x000000e993e00000,0x000000e993f00000)]
  0x000002a5f18276b0 JavaThread "Service Thread" daemon [_thread_blocked, id=88696, stack(0x000000e993f00000,0x000000e994000000)]
  0x000002a5f1828280 JavaThread "Monitor Deflation Thread" daemon [_thread_blocked, id=91060, stack(0x000000e994000000,0x000000e994100000)]
=>0x000002a5f1831380 JavaThread "C2 CompilerThread0" daemon [_thread_in_native, id=91740, stack(0x000000e994100000,0x000000e994200000)]
  0x000002a5f1832ab0 JavaThread "C1 CompilerThread0" daemon [_thread_blocked, id=91764, stack(0x000000e994200000,0x000000e994300000)]
  0x000002a5f18363d0 JavaThread "Sweeper thread" daemon [_thread_blocked, id=77484, stack(0x000000e994300000,0x000000e994400000)]
  0x000002a5f0c7e9f0 JavaThread "Common-Cleaner" daemon [_thread_blocked, id=86412, stack(0x000000e994400000,0x000000e994500000)]
  0x000002a5f1ab4620 JavaThread "Notification Thread" daemon [_thread_blocked, id=90124, stack(0x000000e994500000,0x000000e994600000)]
  0x000002a5f1b7d290 JavaThread "Java2D Disposer" daemon [_thread_blocked, id=61940, stack(0x000000e994700000,0x000000e994800000)]
  0x000002a5f1b7d760 JavaThread "AWT-Shutdown" [_thread_blocked, id=77584, stack(0x000000e994800000,0x000000e994900000)]
  0x000002a5f1b7dc30 JavaThread "AWT-Windows" daemon [_thread_in_native, id=88256, stack(0x000000e994900000,0x000000e994a00000)]

Other Threads:
  0x000002a5f0c2f210 VMThread "VM Thread" [stack: 0x000000e993a00000,0x000000e993b00000] [id=82812]
  0x000002a5d4ec2c70 WatcherThread [stack: 0x000000e994600000,0x000000e994700000] [id=43516]
  0x000002a5d4ea3070 GCTaskThread "GC Thread#0" [stack: 0x000000e993500000,0x000000e993600000] [id=81524]
  0x000002a5d4eb3710 ConcurrentGCThread "G1 Main Marker" [stack: 0x000000e993600000,0x000000e993700000] [id=80624]
  0x000002a5d4eb4830 ConcurrentGCThread "G1 Conc#0" [stack: 0x000000e993700000,0x000000e993800000] [id=83940]
  0x000002a5d4f1e0d0 ConcurrentGCThread "G1 Refine#0" [stack: 0x000000e993800000,0x000000e993900000] [id=81268]
  0x000002a5d4f1e990 ConcurrentGCThread "G1 Service" [stack: 0x000000e993900000,0x000000e993a00000] [id=87048]

Threads with active compile tasks:
C2 CompilerThread0      353  441       4       java.lang.StringLatin1::replace (198 bytes)

VM state: not at safepoint (normal execution)

VM Mutex/Monitor currently owned by a thread:  ([mutex/lock_event])
[0x000002a5d4e3fb70] Metaspace_lock - owner thread: 0x000002a5d4e46e50

Heap address: 0x0000000083a00000, size: 1990 MB, Compressed Oops mode: 32-bit

CDS archive(s) not mapped
Compressed class space mapped at: 0x0000000100000000-0x0000000140000000, reserved size: 1073741824
Narrow klass base: 0x0000000000000000, Narrow klass shift: 3, Narrow klass range: 0x140000000

GC Precious Log:
 CPUs: 8 total, 8 available
 Memory: 7959M
 Large Page Support: Disabled
 NUMA Support: Disabled
 Compressed Oops: Enabled (32-bit)
 Heap Region Size: 1M
 Heap Min Capacity: 8M
 Heap Initial Capacity: 126M
 Heap Max Capacity: 1990M
 Pre-touch: Disabled
 Parallel Workers: 8
 Concurrent Workers: 2
 Concurrent Refinement Workers: 8
 Periodic GC: Disabled

Heap:
 garbage-first heap   total 129024K, used 4096K [0x0000000083a00000, 0x0000000100000000)
  region size 1024K, 5 young (5120K), 0 survivors (0K)
 Metaspace       used 10193K, committed 10304K, reserved 1064960K
  class space    used 975K, committed 1024K, reserved 1048576K

Heap Regions: E=young(eden), S=young(survivor), O=old, HS=humongous(starts), HC=humongous(continues), CS=collection set, F=free, OA=open archive, CA=closed archive, TAMS=top-at-mark-start (previous, next)
|   0|0x0000000083a00000, 0x0000000083a00000, 0x0000000083b00000|  0%| F|  |TAMS 0x0000000083a00000, 0x0000000083a00000| Untracked 
|   1|0x0000000083b00000, 0x0000000083b00000, 0x0000000083c00000|  0%| F|  |TAMS 0x0000000083b00000, 0x0000000083b00000| Untracked 
|   2|0x0000000083c00000, 0x0000000083c00000, 0x0000000083d00000|  0%| F|  |TAMS 0x0000000083c00000, 0x0000000083c00000| Untracked 
|   3|0x0000000083d00000, 0x0000000083d00000, 0x0000000083e00000|  0%| F|  |TAMS 0x0000000083d00000, 0x0000000083d00000| Untracked 
|   4|0x0000000083e00000, 0x0000000083e00000, 0x0000000083f00000|  0%| F|  |TAMS 0x0000000083e00000, 0x0000000083e00000| Untracked 
|   5|0x0000000083f00000, 0x0000000083f00000, 0x0000000084000000|  0%| F|  |TAMS 0x0000000083f00000, 0x0000000083f00000| Untracked 
|   6|0x0000000084000000, 0x0000000084000000, 0x0000000084100000|  0%| F|  |TAMS 0x0000000084000000, 0x0000000084000000| Untracked 
|   7|0x0000000084100000, 0x0000000084100000, 0x0000000084200000|  0%| F|  |TAMS 0x0000000084100000, 0x0000000084100000| Untracked 
|   8|0x0000000084200000, 0x0000000084200000, 0x0000000084300000|  0%| F|  |TAMS 0x0000000084200000, 0x0000000084200000| Untracked 
|   9|0x0000000084300000, 0x0000000084300000, 0x0000000084400000|  0%| F|  |TAMS 0x0000000084300000, 0x0000000084300000| Untracked 
|  10|0x0000000084400000, 0x0000000084400000, 0x0000000084500000|  0%| F|  |TAMS 0x0000000084400000, 0x0000000084400000| Untracked 
|  11|0x0000000084500000, 0x0000000084500000, 0x0000000084600000|  0%| F|  |TAMS 0x0000000084500000, 0x0000000084500000| Untracked 
|  12|0x0000000084600000, 0x0000000084600000, 0x0000000084700000|  0%| F|  |TAMS 0x0000000084600000, 0x0000000084600000| Untracked 
|  13|0x0000000084700000, 0x0000000084700000, 0x0000000084800000|  0%| F|  |TAMS 0x0000000084700000, 0x0000000084700000| Untracked 
|  14|0x0000000084800000, 0x0000000084800000, 0x0000000084900000|  0%| F|  |TAMS 0x0000000084800000, 0x0000000084800000| Untracked 
|  15|0x0000000084900000, 0x0000000084900000, 0x0000000084a00000|  0%| F|  |TAMS 0x0000000084900000, 0x0000000084900000| Untracked 
|  16|0x0000000084a00000, 0x0000000084a00000, 0x0000000084b00000|  0%| F|  |TAMS 0x0000000084a00000, 0x0000000084a00000| Untracked 
|  17|0x0000000084b00000, 0x0000000084b00000, 0x0000000084c00000|  0%| F|  |TAMS 0x0000000084b00000, 0x0000000084b00000| Untracked 
|  18|0x0000000084c00000, 0x0000000084c00000, 0x0000000084d00000|  0%| F|  |TAMS 0x0000000084c00000, 0x0000000084c00000| Untracked 
|  19|0x0000000084d00000, 0x0000000084d00000, 0x0000000084e00000|  0%| F|  |TAMS 0x0000000084d00000, 0x0000000084d00000| Untracked 
|  20|0x0000000084e00000, 0x0000000084e00000, 0x0000000084f00000|  0%| F|  |TAMS 0x0000000084e00000, 0x0000000084e00000| Untracked 
|  21|0x0000000084f00000, 0x0000000084f00000, 0x0000000085000000|  0%| F|  |TAMS 0x0000000084f00000, 0x0000000084f00000| Untracked 
|  22|0x0000000085000000, 0x0000000085000000, 0x0000000085100000|  0%| F|  |TAMS 0x0000000085000000, 0x0000000085000000| Untracked 
|  23|0x0000000085100000, 0x0000000085100000, 0x0000000085200000|  0%| F|  |TAMS 0x0000000085100000, 0x0000000085100000| Untracked 
|  24|0x0000000085200000, 0x0000000085200000, 0x0000000085300000|  0%| F|  |TAMS 0x0000000085200000, 0x0000000085200000| Untracked 
|  25|0x0000000085300000, 0x0000000085300000, 0x0000000085400000|  0%| F|  |TAMS 0x0000000085300000, 0x0000000085300000| Untracked 
|  26|0x0000000085400000, 0x0000000085400000, 0x0000000085500000|  0%| F|  |TAMS 0x0000000085400000, 0x0000000085400000| Untracked 
|  27|0x0000000085500000, 0x0000000085500000, 0x0000000085600000|  0%| F|  |TAMS 0x0000000085500000, 0x0000000085500000| Untracked 
|  28|0x0000000085600000, 0x0000000085600000, 0x0000000085700000|  0%| F|  |TAMS 0x0000000085600000, 0x0000000085600000| Untracked 
|  29|0x0000000085700000, 0x0000000085700000, 0x0000000085800000|  0%| F|  |TAMS 0x0000000085700000, 0x0000000085700000| Untracked 
|  30|0x0000000085800000, 0x0000000085800000, 0x0000000085900000|  0%| F|  |TAMS 0x0000000085800000, 0x0000000085800000| Untracked 
|  31|0x0000000085900000, 0x0000000085900000, 0x0000000085a00000|  0%| F|  |TAMS 0x0000000085900000, 0x0000000085900000| Untracked 
|  32|0x0000000085a00000, 0x0000000085a00000, 0x0000000085b00000|  0%| F|  |TAMS 0x0000000085a00000, 0x0000000085a00000| Untracked 
|  33|0x0000000085b00000, 0x0000000085b00000, 0x0000000085c00000|  0%| F|  |TAMS 0x0000000085b00000, 0x0000000085b00000| Untracked 
|  34|0x0000000085c00000, 0x0000000085c00000, 0x0000000085d00000|  0%| F|  |TAMS 0x0000000085c00000, 0x0000000085c00000| Untracked 
|  35|0x0000000085d00000, 0x0000000085d00000, 0x0000000085e00000|  0%| F|  |TAMS 0x0000000085d00000, 0x0000000085d00000| Untracked 
|  36|0x0000000085e00000, 0x0000000085e00000, 0x0000000085f00000|  0%| F|  |TAMS 0x0000000085e00000, 0x0000000085e00000| Untracked 
|  37|0x0000000085f00000, 0x0000000085f00000, 0x0000000086000000|  0%| F|  |TAMS 0x0000000085f00000, 0x0000000085f00000| Untracked 
|  38|0x0000000086000000, 0x0000000086000000, 0x0000000086100000|  0%| F|  |TAMS 0x0000000086000000, 0x0000000086000000| Untracked 
|  39|0x0000000086100000, 0x0000000086100000, 0x0000000086200000|  0%| F|  |TAMS 0x0000000086100000, 0x0000000086100000| Untracked 
|  40|0x0000000086200000, 0x0000000086200000, 0x0000000086300000|  0%| F|  |TAMS 0x0000000086200000, 0x0000000086200000| Untracked 
|  41|0x0000000086300000, 0x0000000086300000, 0x0000000086400000|  0%| F|  |TAMS 0x0000000086300000, 0x0000000086300000| Untracked 
|  42|0x0000000086400000, 0x0000000086400000, 0x0000000086500000|  0%| F|  |TAMS 0x0000000086400000, 0x0000000086400000| Untracked 
|  43|0x0000000086500000, 0x0000000086500000, 0x0000000086600000|  0%| F|  |TAMS 0x0000000086500000, 0x0000000086500000| Untracked 
|  44|0x0000000086600000, 0x0000000086600000, 0x0000000086700000|  0%| F|  |TAMS 0x0000000086600000, 0x0000000086600000| Untracked 
|  45|0x0000000086700000, 0x0000000086700000, 0x0000000086800000|  0%| F|  |TAMS 0x0000000086700000, 0x0000000086700000| Untracked 
|  46|0x0000000086800000, 0x0000000086800000, 0x0000000086900000|  0%| F|  |TAMS 0x0000000086800000, 0x0000000086800000| Untracked 
|  47|0x0000000086900000, 0x0000000086900000, 0x0000000086a00000|  0%| F|  |TAMS 0x0000000086900000, 0x0000000086900000| Untracked 
|  48|0x0000000086a00000, 0x0000000086a00000, 0x0000000086b00000|  0%| F|  |TAMS 0x0000000086a00000, 0x0000000086a00000| Untracked 
|  49|0x0000000086b00000, 0x0000000086b00000, 0x0000000086c00000|  0%| F|  |TAMS 0x0000000086b00000, 0x0000000086b00000| Untracked 
|  50|0x0000000086c00000, 0x0000000086c00000, 0x0000000086d00000|  0%| F|  |TAMS 0x0000000086c00000, 0x0000000086c00000| Untracked 
|  51|0x0000000086d00000, 0x0000000086d00000, 0x0000000086e00000|  0%| F|  |TAMS 0x0000000086d00000, 0x0000000086d00000| Untracked 
|  52|0x0000000086e00000, 0x0000000086e00000, 0x0000000086f00000|  0%| F|  |TAMS 0x0000000086e00000, 0x0000000086e00000| Untracked 
|  53|0x0000000086f00000, 0x0000000086f00000, 0x0000000087000000|  0%| F|  |TAMS 0x0000000086f00000, 0x0000000086f00000| Untracked 
|  54|0x0000000087000000, 0x0000000087000000, 0x0000000087100000|  0%| F|  |TAMS 0x0000000087000000, 0x0000000087000000| Untracked 
|  55|0x0000000087100000, 0x0000000087100000, 0x0000000087200000|  0%| F|  |TAMS 0x0000000087100000, 0x0000000087100000| Untracked 
|  56|0x0000000087200000, 0x0000000087200000, 0x0000000087300000|  0%| F|  |TAMS 0x0000000087200000, 0x0000000087200000| Untracked 
|  57|0x0000000087300000, 0x0000000087300000, 0x0000000087400000|  0%| F|  |TAMS 0x0000000087300000, 0x0000000087300000| Untracked 
|  58|0x0000000087400000, 0x0000000087400000, 0x0000000087500000|  0%| F|  |TAMS 0x0000000087400000, 0x0000000087400000| Untracked 
|  59|0x0000000087500000, 0x0000000087500000, 0x0000000087600000|  0%| F|  |TAMS 0x0000000087500000, 0x0000000087500000| Untracked 
|  60|0x0000000087600000, 0x0000000087600000, 0x0000000087700000|  0%| F|  |TAMS 0x0000000087600000, 0x0000000087600000| Untracked 
|  61|0x0000000087700000, 0x0000000087700000, 0x0000000087800000|  0%| F|  |TAMS 0x0000000087700000, 0x0000000087700000| Untracked 
|  62|0x0000000087800000, 0x0000000087800000, 0x0000000087900000|  0%| F|  |TAMS 0x0000000087800000, 0x0000000087800000| Untracked 
|  63|0x0000000087900000, 0x0000000087900000, 0x0000000087a00000|  0%| F|  |TAMS 0x0000000087900000, 0x0000000087900000| Untracked 
|  64|0x0000000087a00000, 0x0000000087a00000, 0x0000000087b00000|  0%| F|  |TAMS 0x0000000087a00000, 0x0000000087a00000| Untracked 
|  65|0x0000000087b00000, 0x0000000087b00000, 0x0000000087c00000|  0%| F|  |TAMS 0x0000000087b00000, 0x0000000087b00000| Untracked 
|  66|0x0000000087c00000, 0x0000000087c00000, 0x0000000087d00000|  0%| F|  |TAMS 0x0000000087c00000, 0x0000000087c00000| Untracked 
|  67|0x0000000087d00000, 0x0000000087d00000, 0x0000000087e00000|  0%| F|  |TAMS 0x0000000087d00000, 0x0000000087d00000| Untracked 
|  68|0x0000000087e00000, 0x0000000087e00000, 0x0000000087f00000|  0%| F|  |TAMS 0x0000000087e00000, 0x0000000087e00000| Untracked 
|  69|0x0000000087f00000, 0x0000000087f00000, 0x0000000088000000|  0%| F|  |TAMS 0x0000000087f00000, 0x0000000087f00000| Untracked 
|  70|0x0000000088000000, 0x0000000088000000, 0x0000000088100000|  0%| F|  |TAMS 0x0000000088000000, 0x0000000088000000| Untracked 
|  71|0x0000000088100000, 0x0000000088100000, 0x0000000088200000|  0%| F|  |TAMS 0x0000000088100000, 0x0000000088100000| Untracked 
|  72|0x0000000088200000, 0x0000000088200000, 0x0000000088300000|  0%| F|  |TAMS 0x0000000088200000, 0x0000000088200000| Untracked 
|  73|0x0000000088300000, 0x0000000088300000, 0x0000000088400000|  0%| F|  |TAMS 0x0000000088300000, 0x0000000088300000| Untracked 
|  74|0x0000000088400000, 0x0000000088400000, 0x0000000088500000|  0%| F|  |TAMS 0x0000000088400000, 0x0000000088400000| Untracked 
|  75|0x0000000088500000, 0x0000000088500000, 0x0000000088600000|  0%| F|  |TAMS 0x0000000088500000, 0x0000000088500000| Untracked 
|  76|0x0000000088600000, 0x0000000088600000, 0x0000000088700000|  0%| F|  |TAMS 0x0000000088600000, 0x0000000088600000| Untracked 
|  77|0x0000000088700000, 0x0000000088700000, 0x0000000088800000|  0%| F|  |TAMS 0x0000000088700000, 0x0000000088700000| Untracked 
|  78|0x0000000088800000, 0x0000000088800000, 0x0000000088900000|  0%| F|  |TAMS 0x0000000088800000, 0x0000000088800000| Untracked 
|  79|0x0000000088900000, 0x0000000088900000, 0x0000000088a00000|  0%| F|  |TAMS 0x0000000088900000, 0x0000000088900000| Untracked 
|  80|0x0000000088a00000, 0x0000000088a00000, 0x0000000088b00000|  0%| F|  |TAMS 0x0000000088a00000, 0x0000000088a00000| Untracked 
|  81|0x0000000088b00000, 0x0000000088b00000, 0x0000000088c00000|  0%| F|  |TAMS 0x0000000088b00000, 0x0000000088b00000| Untracked 
|  82|0x0000000088c00000, 0x0000000088c00000, 0x0000000088d00000|  0%| F|  |TAMS 0x0000000088c00000, 0x0000000088c00000| Untracked 
|  83|0x0000000088d00000, 0x0000000088d00000, 0x0000000088e00000|  0%| F|  |TAMS 0x0000000088d00000, 0x0000000088d00000| Untracked 
|  84|0x0000000088e00000, 0x0000000088e00000, 0x0000000088f00000|  0%| F|  |TAMS 0x0000000088e00000, 0x0000000088e00000| Untracked 
|  85|0x0000000088f00000, 0x0000000088f00000, 0x0000000089000000|  0%| F|  |TAMS 0x0000000088f00000, 0x0000000088f00000| Untracked 
|  86|0x0000000089000000, 0x0000000089000000, 0x0000000089100000|  0%| F|  |TAMS 0x0000000089000000, 0x0000000089000000| Untracked 
|  87|0x0000000089100000, 0x0000000089100000, 0x0000000089200000|  0%| F|  |TAMS 0x0000000089100000, 0x0000000089100000| Untracked 
|  88|0x0000000089200000, 0x0000000089200000, 0x0000000089300000|  0%| F|  |TAMS 0x0000000089200000, 0x0000000089200000| Untracked 
|  89|0x0000000089300000, 0x0000000089300000, 0x0000000089400000|  0%| F|  |TAMS 0x0000000089300000, 0x0000000089300000| Untracked 
|  90|0x0000000089400000, 0x0000000089400000, 0x0000000089500000|  0%| F|  |TAMS 0x0000000089400000, 0x0000000089400000| Untracked 
|  91|0x0000000089500000, 0x0000000089500000, 0x0000000089600000|  0%| F|  |TAMS 0x0000000089500000, 0x0000000089500000| Untracked 
|  92|0x0000000089600000, 0x0000000089600000, 0x0000000089700000|  0%| F|  |TAMS 0x0000000089600000, 0x0000000089600000| Untracked 
|  93|0x0000000089700000, 0x0000000089700000, 0x0000000089800000|  0%| F|  |TAMS 0x0000000089700000, 0x0000000089700000| Untracked 
|  94|0x0000000089800000, 0x0000000089800000, 0x0000000089900000|  0%| F|  |TAMS 0x0000000089800000, 0x0000000089800000| Untracked 
|  95|0x0000000089900000, 0x0000000089900000, 0x0000000089a00000|  0%| F|  |TAMS 0x0000000089900000, 0x0000000089900000| Untracked 
|  96|0x0000000089a00000, 0x0000000089a00000, 0x0000000089b00000|  0%| F|  |TAMS 0x0000000089a00000, 0x0000000089a00000| Untracked 
|  97|0x0000000089b00000, 0x0000000089b00000, 0x0000000089c00000|  0%| F|  |TAMS 0x0000000089b00000, 0x0000000089b00000| Untracked 
|  98|0x0000000089c00000, 0x0000000089c00000, 0x0000000089d00000|  0%| F|  |TAMS 0x0000000089c00000, 0x0000000089c00000| Untracked 
|  99|0x0000000089d00000, 0x0000000089d00000, 0x0000000089e00000|  0%| F|  |TAMS 0x0000000089d00000, 0x0000000089d00000| Untracked 
| 100|0x0000000089e00000, 0x0000000089e00000, 0x0000000089f00000|  0%| F|  |TAMS 0x0000000089e00000, 0x0000000089e00000| Untracked 
| 101|0x0000000089f00000, 0x0000000089f00000, 0x000000008a000000|  0%| F|  |TAMS 0x0000000089f00000, 0x0000000089f00000| Untracked 
| 102|0x000000008a000000, 0x000000008a000000, 0x000000008a100000|  0%| F|  |TAMS 0x000000008a000000, 0x000000008a000000| Untracked 
| 103|0x000000008a100000, 0x000000008a100000, 0x000000008a200000|  0%| F|  |TAMS 0x000000008a100000, 0x000000008a100000| Untracked 
| 104|0x000000008a200000, 0x000000008a200000, 0x000000008a300000|  0%| F|  |TAMS 0x000000008a200000, 0x000000008a200000| Untracked 
| 105|0x000000008a300000, 0x000000008a300000, 0x000000008a400000|  0%| F|  |TAMS 0x000000008a300000, 0x000000008a300000| Untracked 
| 106|0x000000008a400000, 0x000000008a400000, 0x000000008a500000|  0%| F|  |TAMS 0x000000008a400000, 0x000000008a400000| Untracked 
| 107|0x000000008a500000, 0x000000008a500000, 0x000000008a600000|  0%| F|  |TAMS 0x000000008a500000, 0x000000008a500000| Untracked 
| 108|0x000000008a600000, 0x000000008a600000, 0x000000008a700000|  0%| F|  |TAMS 0x000000008a600000, 0x000000008a600000| Untracked 
| 109|0x000000008a700000, 0x000000008a700000, 0x000000008a800000|  0%| F|  |TAMS 0x000000008a700000, 0x000000008a700000| Untracked 
| 110|0x000000008a800000, 0x000000008a800000, 0x000000008a900000|  0%| F|  |TAMS 0x000000008a800000, 0x000000008a800000| Untracked 
| 111|0x000000008a900000, 0x000000008a900000, 0x000000008aa00000|  0%| F|  |TAMS 0x000000008a900000, 0x000000008a900000| Untracked 
| 112|0x000000008aa00000, 0x000000008aa00000, 0x000000008ab00000|  0%| F|  |TAMS 0x000000008aa00000, 0x000000008aa00000| Untracked 
| 113|0x000000008ab00000, 0x000000008ab00000, 0x000000008ac00000|  0%| F|  |TAMS 0x000000008ab00000, 0x000000008ab00000| Untracked 
| 114|0x000000008ac00000, 0x000000008ac00000, 0x000000008ad00000|  0%| F|  |TAMS 0x000000008ac00000, 0x000000008ac00000| Untracked 
| 115|0x000000008ad00000, 0x000000008ad00000, 0x000000008ae00000|  0%| F|  |TAMS 0x000000008ad00000, 0x000000008ad00000| Untracked 
| 116|0x000000008ae00000, 0x000000008ae00000, 0x000000008af00000|  0%| F|  |TAMS 0x000000008ae00000, 0x000000008ae00000| Untracked 
| 117|0x000000008af00000, 0x000000008af00000, 0x000000008b000000|  0%| F|  |TAMS 0x000000008af00000, 0x000000008af00000| Untracked 
| 118|0x000000008b000000, 0x000000008b000000, 0x000000008b100000|  0%| F|  |TAMS 0x000000008b000000, 0x000000008b000000| Untracked 
| 119|0x000000008b100000, 0x000000008b100000, 0x000000008b200000|  0%| F|  |TAMS 0x000000008b100000, 0x000000008b100000| Untracked 
| 120|0x000000008b200000, 0x000000008b200000, 0x000000008b300000|  0%| F|  |TAMS 0x000000008b200000, 0x000000008b200000| Untracked 
| 121|0x000000008b300000, 0x000000008b3765c0, 0x000000008b400000| 46%| E|  |TAMS 0x000000008b300000, 0x000000008b300000| Complete 
| 122|0x000000008b400000, 0x000000008b500000, 0x000000008b500000|100%| E|CS|TAMS 0x000000008b400000, 0x000000008b400000| Complete 
| 123|0x000000008b500000, 0x000000008b600000, 0x000000008b600000|100%| E|CS|TAMS 0x000000008b500000, 0x000000008b500000| Complete 
| 124|0x000000008b600000, 0x000000008b700000, 0x000000008b700000|100%| E|CS|TAMS 0x000000008b600000, 0x000000008b600000| Complete 
| 125|0x000000008b700000, 0x000000008b800000, 0x000000008b800000|100%| E|CS|TAMS 0x000000008b700000, 0x000000008b700000| Complete 

Card table byte_map: [0x000002a5e9b40000,0x000002a5e9f30000] _byte_map_base: 0x000002a5e9723000

Marking Bits (Prev, Next): (CMBitMap*) 0x000002a5d4ea3520, (CMBitMap*) 0x000002a5d4ea3560
 Prev Bits: [0x000002a5ea320000, 0x000002a5ec238000)
 Next Bits: [0x000002a5ec240000, 0x000002a5ee158000)

Polling page: 0x000002a5d4f20000

Metaspace:

Usage:
  Non-class:      9.00 MB used.
      Class:    975.51 KB used.
       Both:      9.95 MB used.

Virtual space:
  Non-class space:       16.00 MB reserved,       9.06 MB ( 57%) committed,  2 nodes.
      Class space:        1.00 GB reserved,       1.00 MB ( <1%) committed,  1 nodes.
             Both:        1.02 GB reserved,      10.06 MB ( <1%) committed. 

Chunk freelists:
   Non-Class:  2.47 MB
       Class:  3.01 MB
        Both:  5.48 MB

MaxMetaspaceSize: unlimited
CompressedClassSpaceSize: 1.00 GB
Initial GC threshold: 21.00 MB
Current GC threshold: 21.00 MB
CDS: off
MetaspaceReclaimPolicy: balanced
 - commit_granule_bytes: 65536.
 - commit_granule_words: 8192.
 - virtual_space_node_default_size: 1048576.
 - enlarge_chunks_in_place: 1.
 - new_chunks_are_fully_committed: 0.
 - uncommit_free_chunks: 1.
 - use_allocation_guard: 0.
 - handle_deallocations: 1.


Internal statistics:

num_allocs_failed_limit: 0.
num_arena_births: 90.
num_arena_deaths: 0.
num_vsnodes_births: 3.
num_vsnodes_deaths: 0.
num_space_committed: 161.
num_space_uncommitted: 0.
num_chunks_returned_to_freelist: 0.
num_chunks_taken_from_freelist: 125.
num_chunk_merges: 0.
num_chunk_splits: 72.
num_chunks_enlarged: 38.
num_purges: 0.
num_inconsistent_stats: 0.

CodeHeap 'non-profiled nmethods': size=120000Kb used=130Kb max_used=130Kb free=119870Kb
 bounds [0x000002a5e17b0000, 0x000002a5e1a20000, 0x000002a5e8ce0000]
CodeHeap 'profiled nmethods': size=120000Kb used=648Kb max_used=648Kb free=119351Kb
 bounds [0x000002a5da280000, 0x000002a5da4f0000, 0x000002a5e17b0000]
CodeHeap 'non-nmethods': size=5760Kb used=1189Kb max_used=1203Kb free=4570Kb
 bounds [0x000002a5d9ce0000, 0x000002a5d9f50000, 0x000002a5da280000]
 total_blobs=927 nmethods=450 adapters=390
 compilation: enabled
              stopped_count=0, restarted_count=0
 full_count=0

Compilation events (20 events):
Event: 0.311 Thread 0x000002a5f1832ab0  442       1       java.lang.invoke.DirectMethodHandle::isCrackable (5 bytes)
Event: 0.311 Thread 0x000002a5f1832ab0 nmethod 442 0x000002a5e17d0210 code [0x000002a5e17d03a0, 0x000002a5e17d0478]
Event: 0.311 Thread 0x000002a5f1832ab0  446       3       java.lang.invoke.MethodHandles$Lookup::hasFullPrivilegeAccess (18 bytes)
Event: 0.311 Thread 0x000002a5f1832ab0 nmethod 446 0x000002a5da31c010 code [0x000002a5da31c1a0, 0x000002a5da31c318]
Event: 0.311 Thread 0x000002a5f1832ab0  444       3       jdk.internal.org.objectweb.asm.MethodWriter::visitLabel (328 bytes)
Event: 0.311 Thread 0x000002a5f1832ab0 nmethod 444 0x000002a5da31c390 code [0x000002a5da31c600, 0x000002a5da31d368]
Event: 0.311 Thread 0x000002a5f1832ab0  445       3       jdk.internal.org.objectweb.asm.MethodWriter::endCurrentBasicBlockWithNoSuccessor (94 bytes)
Event: 0.311 Thread 0x000002a5f1832ab0 nmethod 445 0x000002a5da31d610 code [0x000002a5da31d800, 0x000002a5da31de68]
Event: 0.311 Thread 0x000002a5f1832ab0  448       3       sun.invoke.util.VerifyAccess::isMemberAccessible (338 bytes)
Event: 0.312 Thread 0x000002a5f1832ab0 nmethod 448 0x000002a5da31e090 code [0x000002a5da31e420, 0x000002a5da31f7c8]
Event: 0.312 Thread 0x000002a5f1832ab0  443       3       jdk.internal.misc.CDS::isDumpingArchive (4 bytes)
Event: 0.312 Thread 0x000002a5f1832ab0 nmethod 443 0x000002a5da31fd10 code [0x000002a5da31fea0, 0x000002a5da31ff98]
Event: 0.312 Thread 0x000002a5f1832ab0  447       1       jdk.internal.org.objectweb.asm.ClassReader::getMaxStringLength (5 bytes)
Event: 0.312 Thread 0x000002a5f1832ab0 nmethod 447 0x000002a5e17d0510 code [0x000002a5e17d06a0, 0x000002a5e17d0778]
Event: 0.312 Thread 0x000002a5f1832ab0  450       3       java.lang.invoke.MethodHandles$Lookup::checkSecurityManager (97 bytes)
Event: 0.313 Thread 0x000002a5f1832ab0 nmethod 450 0x000002a5da320010 code [0x000002a5da320320, 0x000002a5da321338]
Event: 0.313 Thread 0x000002a5f1832ab0  451       3       java.lang.StringBuilder::append (8 bytes)
Event: 0.313 Thread 0x000002a5f1832ab0 nmethod 451 0x000002a5da321890 code [0x000002a5da321a20, 0x000002a5da321b68]
Event: 0.313 Thread 0x000002a5f1832ab0  452       3       java.lang.AbstractStringBuilder::append (55 bytes)
Event: 0.313 Thread 0x000002a5f1832ab0 nmethod 452 0x000002a5da321c10 code [0x000002a5da321de0, 0x000002a5da322118]

GC Heap History (0 events):
No events

Deoptimization events (4 events):
Event: 0.163 Thread 0x000002a5d4e46e50 Uncommon trap: trap_request=0xffffff45 fr.pc=0x000002a5e17b6e74 relative=0x0000000000000074
Event: 0.163 Thread 0x000002a5d4e46e50 Uncommon trap: reason=unstable_if action=reinterpret pc=0x000002a5e17b6e74 method=java.lang.String.isLatin1()Z @ 10 c2
Event: 0.163 Thread 0x000002a5d4e46e50 DEOPT PACKING pc=0x000002a5e17b6e74 sp=0x000000e9934ff0c0
Event: 0.163 Thread 0x000002a5d4e46e50 DEOPT UNPACKING pc=0x000002a5d9d35c23 sp=0x000000e9934ff000 mode 2

Classes unloaded (0 events):
No events

Classes redefined (0 events):
No events

Internal exceptions (10 events):
Event: 0.134 Thread 0x000002a5d4e46e50 Exception <a 'java/lang/NoSuchMethodError'{0x000000008b636a88}: 'void java.lang.invoke.DirectMethodHandle$Holder.invokeVirtual(java.lang.Object, java.lang.Object)'> (0x000000008b636a88) 
thrown [s\src\hotspot\share\interpreter\linkResolver.cpp, line 759]
Event: 0.186 Thread 0x000002a5d4e46e50 Exception <a 'sun/nio/fs/WindowsException'{0x000000008b6dff70}> (0x000000008b6dff70) 
thrown [s\src\hotspot\share\prims\jni.cpp, line 516]
Event: 0.191 Thread 0x000002a5d4e46e50 Exception <a 'java/lang/ClassNotFoundException'{0x000000008b6e6200}: sun/awt/resources/spi/awtProvider> (0x000000008b6e6200) 
thrown [s\src\hotspot\share\classfile\systemDictionary.cpp, line 256]
Event: 0.211 Thread 0x000002a5d4e46e50 Exception <a 'java/io/FileNotFoundException'{0x000000008b53b8f0}> (0x000000008b53b8f0) 
thrown [s\src\hotspot\share\prims\jni.cpp, line 516]
Event: 0.218 Thread 0x000002a5d4e46e50 Exception <a 'java/io/FileNotFoundException'{0x000000008b568860}> (0x000000008b568860) 
thrown [s\src\hotspot\share\prims\jni.cpp, line 516]
Event: 0.252 Thread 0x000002a5d4e46e50 Exception <a 'java/lang/NoSuchMethodError'{0x000000008b5b4110}: 'java.lang.Object java.lang.invoke.DirectMethodHandle$Holder.invokeStaticInit(java.lang.Object)'> (0x000000008b5b4110) 
thrown [s\src\hotspot\share\interpreter\linkResolver.cpp, line 759]
Event: 0.280 Thread 0x000002a5d4e46e50 Exception <a 'java/lang/NoSuchMethodError'{0x000000008b411cc8}: 'void java.lang.invoke.DirectMethodHandle$Holder.invokeSpecial(java.lang.Object, java.lang.Object, java.lang.Object)'> (0x000000008b411cc8) 
thrown [s\src\hotspot\share\interpreter\linkResolver.cpp, line 759]
Event: 0.288 Thread 0x000002a5d4e46e50 Exception <a 'java/lang/NoSuchMethodError'{0x000000008b43be08}: 'java.lang.Object java.lang.invoke.DirectMethodHandle$Holder.newInvokeSpecial(java.lang.Object, java.lang.Object, java.lang.Object, java.lang.Object, java.lang.Object)'> (0x000000008b43be08) 
thrown [s\src\hotspot\share\interpreter\linkResolver.cpp, line 759]
Event: 0.291 Thread 0x000002a5d4e46e50 Exception <a 'java/lang/NoSuchMethodError'{0x000000008b4477d0}: 'java.lang.Object java.lang.invoke.DirectMethodHandle$Holder.invokeStatic(java.lang.Object, int, java.lang.Object, java.lang.Object, java.lang.Object, java.lang.Object)'> (0x000000008b4477d0) 
thrown [s\src\hotspot\share\interpreter\linkResolver.cpp, line 759]
Event: 0.295 Thread 0x000002a5d4e46e50 Exception <a 'java/lang/NoSuchMethodError'{0x000000008b46cf90}: 'java.lang.Object java.lang.invoke.DirectMethodHandle$Holder.invokeStatic(java.lang.Object, int, java.lang.Object)'> (0x000000008b46cf90) 
thrown [s\src\hotspot\share\interpreter\linkResolver.cpp, line 759]

VM Operations (2 events):
Event: 0.151 Executing VM operation: HandshakeAllThreads
Event: 0.151 Executing VM operation: HandshakeAllThreads done

Events (20 events):
Event: 0.306 loading class javax/swing/plaf/metal/MetalLookAndFeel$FontActiveValue done
Event: 0.313 loading class javax/swing/plaf/metal/MetalLookAndFeel$AATextListener
Event: 0.313 loading class javax/swing/plaf/metal/MetalLookAndFeel$AATextListener done
Event: 0.313 loading class java/beans/PropertyChangeListenerProxy
Event: 0.313 loading class java/util/EventListenerProxy
Event: 0.313 loading class java/util/EventListenerProxy done
Event: 0.313 loading class java/beans/PropertyChangeListenerProxy done
Event: 0.313 loading class javax/swing/plaf/metal/OceanTheme$1
Event: 0.313 loading class javax/swing/plaf/metal/OceanTheme$1 done
Event: 0.313 loading class javax/swing/plaf/metal/OceanTheme$2
Event: 0.313 loading class javax/swing/plaf/metal/OceanTheme$2 done
Event: 0.313 loading class javax/swing/plaf/metal/OceanTheme$3
Event: 0.313 loading class javax/swing/plaf/metal/OceanTheme$3 done
Event: 0.313 loading class javax/swing/plaf/metal/OceanTheme$4
Event: 0.313 loading class javax/swing/plaf/metal/OceanTheme$4 done
Event: 0.313 loading class javax/swing/plaf/metal/OceanTheme$5
Event: 0.313 loading class javax/swing/plaf/metal/OceanTheme$5 done
Event: 0.313 loading class javax/swing/plaf/metal/OceanTheme$6
Event: 0.313 loading class javax/swing/plaf/metal/OceanTheme$6 done
Event: 0.313 loading class javax/swing/RepaintManager


Dynamic libraries:
0x00007ff6c5660000 - 0x00007ff6c566e000 	C:\Users\zaina\Desktop\MyFile\Me\Java\javaIDE\eclipse\plugins\org.eclipse.justj.openjdk.hotspot.jre.full.win32.x86_64_17.0.4.v20220903-1038\jre\bin\javaw.exe
0x00007ff858e40000 - 0x00007ff859049000 	C:\WINDOWS\SYSTEM32\ntdll.dll
0x00007ff855b90000 - 0x00007ff855ba7000 	C:\Program Files\Avast Software\Avast\aswhook.dll
0x00007ff857a50000 - 0x00007ff857b0d000 	C:\WINDOWS\System32\KERNEL32.DLL
0x00007ff8565d0000 - 0x00007ff85694c000 	C:\WINDOWS\System32\KERNELBASE.dll
0x00007ff856bb0000 - 0x00007ff856cc1000 	C:\WINDOWS\System32\ucrtbase.dll
0x00007ff83c9f0000 - 0x00007ff83ca08000 	C:\Users\zaina\Desktop\MyFile\Me\Java\javaIDE\eclipse\plugins\org.eclipse.justj.openjdk.hotspot.jre.full.win32.x86_64_17.0.4.v20220903-1038\jre\bin\jli.dll
0x00007ff82a3b0000 - 0x00007ff82a3c9000 	C:\Users\zaina\Desktop\MyFile\Me\Java\javaIDE\eclipse\plugins\org.eclipse.justj.openjdk.hotspot.jre.full.win32.x86_64_17.0.4.v20220903-1038\jre\bin\VCRUNTIME140.dll
0x00007ff858b00000 - 0x00007ff858cad000 	C:\WINDOWS\System32\USER32.dll
0x00007ff856a70000 - 0x00007ff856a96000 	C:\WINDOWS\System32\win32u.dll
0x00007ff855580000 - 0x00007ff855825000 	C:\WINDOWS\WinSxS\amd64_microsoft.windows.common-controls_6595b64144ccf1df_6.0.22000.120_none_9d947278b86cc467\COMCTL32.dll
0x00007ff858cb0000 - 0x00007ff858cd9000 	C:\WINDOWS\System32\GDI32.dll
0x00007ff856950000 - 0x00007ff856a69000 	C:\WINDOWS\System32\gdi32full.dll
0x00007ff858990000 - 0x00007ff858a33000 	C:\WINDOWS\System32\msvcrt.dll
0x00007ff856b10000 - 0x00007ff856bad000 	C:\WINDOWS\System32\msvcp_win.dll
0x00007ff857b10000 - 0x00007ff857b41000 	C:\WINDOWS\System32\IMM32.DLL
0x00007ff854ff0000 - 0x00007ff854ffc000 	C:\Users\zaina\Desktop\MyFile\Me\Java\javaIDE\eclipse\plugins\org.eclipse.justj.openjdk.hotspot.jre.full.win32.x86_64_17.0.4.v20220903-1038\jre\bin\vcruntime140_1.dll
0x00007ff800a90000 - 0x00007ff800b21000 	C:\Users\zaina\Desktop\MyFile\Me\Java\javaIDE\eclipse\plugins\org.eclipse.justj.openjdk.hotspot.jre.full.win32.x86_64_17.0.4.v20220903-1038\jre\bin\msvcp140.dll
0x00007fffbc7d0000 - 0x00007fffbd416000 	C:\Users\zaina\Desktop\MyFile\Me\Java\javaIDE\eclipse\plugins\org.eclipse.justj.openjdk.hotspot.jre.full.win32.x86_64_17.0.4.v20220903-1038\jre\bin\server\jvm.dll
0x00007ff858a50000 - 0x00007ff858afe000 	C:\WINDOWS\System32\ADVAPI32.dll
0x00007ff8579b0000 - 0x00007ff857a4e000 	C:\WINDOWS\System32\sechost.dll
0x00007ff858ce0000 - 0x00007ff858e00000 	C:\WINDOWS\System32\RPCRT4.dll
0x00007ff858a40000 - 0x00007ff858a48000 	C:\WINDOWS\System32\PSAPI.DLL
0x00007ff84d300000 - 0x00007ff84d333000 	C:\WINDOWS\SYSTEM32\WINMM.dll
0x00007ff8358e0000 - 0x00007ff8358e9000 	C:\WINDOWS\SYSTEM32\WSOCK32.dll
0x00007ff853dd0000 - 0x00007ff853dda000 	C:\WINDOWS\SYSTEM32\VERSION.dll
0x00007ff857340000 - 0x00007ff8573af000 	C:\WINDOWS\System32\WS2_32.dll
0x00007ff854580000 - 0x00007ff854598000 	C:\WINDOWS\SYSTEM32\kernel.appcore.dll
0x00007ff83c980000 - 0x00007ff83c98a000 	C:\Users\zaina\Desktop\MyFile\Me\Java\javaIDE\eclipse\plugins\org.eclipse.justj.openjdk.hotspot.jre.full.win32.x86_64_17.0.4.v20220903-1038\jre\bin\jimage.dll
0x00007ff855c70000 - 0x00007ff855e91000 	C:\WINDOWS\SYSTEM32\DBGHELP.DLL
0x00007ff855b40000 - 0x00007ff855b71000 	C:\WINDOWS\SYSTEM32\dbgcore.DLL
0x00007ff856550000 - 0x00007ff8565cf000 	C:\WINDOWS\System32\bcryptPrimitives.dll
0x00007ff83af00000 - 0x00007ff83af25000 	C:\Users\zaina\Desktop\MyFile\Me\Java\javaIDE\eclipse\plugins\org.eclipse.justj.openjdk.hotspot.jre.full.win32.x86_64_17.0.4.v20220903-1038\jre\bin\java.dll
0x00007ff83c960000 - 0x00007ff83c978000 	C:\Users\zaina\Desktop\MyFile\Me\Java\javaIDE\eclipse\plugins\org.eclipse.justj.openjdk.hotspot.jre.full.win32.x86_64_17.0.4.v20220903-1038\jre\bin\zip.dll
0x00007ff857d40000 - 0x00007ff8584f8000 	C:\WINDOWS\System32\SHELL32.dll
0x00007ff853560000 - 0x00007ff853dc8000 	C:\WINDOWS\SYSTEM32\windows.storage.dll
0x00007ff856fb0000 - 0x00007ff857329000 	C:\WINDOWS\System32\combase.dll
0x00007ff8533f0000 - 0x00007ff853556000 	C:\WINDOWS\SYSTEM32\wintypes.dll
0x00007ff857be0000 - 0x00007ff857cca000 	C:\WINDOWS\System32\SHCORE.dll
0x00007ff857600000 - 0x00007ff85765d000 	C:\WINDOWS\System32\shlwapi.dll
0x00007ff856250000 - 0x00007ff856271000 	C:\WINDOWS\SYSTEM32\profapi.dll
0x00007ff83aec0000 - 0x00007ff83aed9000 	C:\Users\zaina\Desktop\MyFile\Me\Java\javaIDE\eclipse\plugins\org.eclipse.justj.openjdk.hotspot.jre.full.win32.x86_64_17.0.4.v20220903-1038\jre\bin\net.dll
0x00007ff84f2e0000 - 0x00007ff84f3ec000 	C:\WINDOWS\SYSTEM32\WINHTTP.dll
0x00007ff855360000 - 0x00007ff8553c7000 	C:\WINDOWS\system32\mswsock.dll
0x00007ff83aea0000 - 0x00007ff83aeb5000 	C:\Users\zaina\Desktop\MyFile\Me\Java\javaIDE\eclipse\plugins\org.eclipse.justj.openjdk.hotspot.jre.full.win32.x86_64_17.0.4.v20220903-1038\jre\bin\nio.dll
0x00007ffffcdf0000 - 0x00007ffffcf7e000 	C:\Users\zaina\Desktop\MyFile\Me\Java\javaIDE\eclipse\plugins\org.eclipse.justj.openjdk.hotspot.jre.full.win32.x86_64_17.0.4.v20220903-1038\jre\bin\awt.dll
0x00007ff856e70000 - 0x00007ff856f46000 	C:\WINDOWS\System32\OLEAUT32.dll
0x00007ff8527c0000 - 0x00007ff852851000 	C:\WINDOWS\SYSTEM32\apphelp.dll
0x00007ff852ea0000 - 0x00007ff852ecf000 	C:\WINDOWS\system32\DWMAPI.DLL
0x00007ff852b00000 - 0x00007ff852bac000 	C:\WINDOWS\system32\uxtheme.dll
0x00007ff8399c0000 - 0x00007ff839ac1000 	C:\WINDOWS\system32\opengl32.dll
0x00007ff83d740000 - 0x00007ff83d76d000 	C:\WINDOWS\SYSTEM32\GLU32.dll
0x00007ff852c10000 - 0x00007ff852c48000 	C:\WINDOWS\SYSTEM32\dxcore.dll
0x00007ff8573b0000 - 0x00007ff8574ce000 	C:\WINDOWS\System32\MSCTF.dll
0x00007ff856cd0000 - 0x00007ff856e6a000 	C:\WINDOWS\System32\ole32.dll

dbghelp: loaded successfully - version: 4.0.5 - missing functions: none
symbol engine: initialized successfully - sym options: 0x614 - pdb path: .;C:\Users\zaina\Desktop\MyFile\Me\Java\javaIDE\eclipse\plugins\org.eclipse.justj.openjdk.hotspot.jre.full.win32.x86_64_17.0.4.v20220903-1038\jre\bin;C:\WINDOWS\SYSTEM32;C:\Program Files\Avast Software\Avast;C:\WINDOWS\WinSxS\amd64_microsoft.windows.common-controls_6595b64144ccf1df_6.0.22000.120_none_9d947278b86cc467;C:\Users\zaina\Desktop\MyFile\Me\Java\javaIDE\eclipse\plugins\org.eclipse.justj.openjdk.hotspot.jre.full.win32.x86_64_17.0.4.v20220903-1038\jre\bin\server

VM Arguments:
jvm_args: -Dfile.encoding=UTF-8 --module-path=C:\Users\zaina\Desktop\MyFile\Me\Java\Workspace\SwingInterface\bin -XX:+ShowCodeDetailsInExceptionMessages -Djdk.module.main=SwingInterface 
java_command: SwingInterface/avaswing.Memorygame
java_class_path (initial): <not set>
Launcher Type: SUN_STANDARD

[Global flags]
     intx CICompilerCount                          = 4                                         {product} {ergonomic}
     uint ConcGCThreads                            = 2                                         {product} {ergonomic}
     uint G1ConcRefinementThreads                  = 8                                         {product} {ergonomic}
   size_t G1HeapRegionSize                         = 1048576                                   {product} {ergonomic}
    uintx GCDrainStackTargetSize                   = 64                                        {product} {ergonomic}
   size_t InitialHeapSize                          = 132120576                                 {product} {ergonomic}
   size_t MarkStackSize                            = 4194304                                   {product} {ergonomic}
   size_t MaxHeapSize                              = 2086666240                                {product} {ergonomic}
   size_t MaxNewSize                               = 1251999744                                {product} {ergonomic}
   size_t MinHeapDeltaBytes                        = 1048576                                   {product} {ergonomic}
   size_t MinHeapSize                              = 8388608                                   {product} {ergonomic}
    uintx NonNMethodCodeHeapSize                   = 5839372                                {pd product} {ergonomic}
    uintx NonProfiledCodeHeapSize                  = 122909434                              {pd product} {ergonomic}
    uintx ProfiledCodeHeapSize                     = 122909434                              {pd product} {ergonomic}
    uintx ReservedCodeCacheSize                    = 251658240                              {pd product} {ergonomic}
     bool SegmentedCodeCache                       = true                                      {product} {ergonomic}
     bool ShowCodeDetailsInExceptionMessages       = true                                   {manageable} {command line}
   size_t SoftMaxHeapSize                          = 2086666240                             {manageable} {ergonomic}
     bool UseCompressedClassPointers               = true                           {product lp64_product} {ergonomic}
     bool UseCompressedOops                        = true                           {product lp64_product} {ergonomic}
     bool UseG1GC                                  = true                                      {product} {ergonomic}
     bool UseLargePagesIndividualAllocation        = false                                  {pd product} {ergonomic}

Logging:
Log output configuration:
 #0: stdout all=warning uptime,level,tags
 #1: stderr all=off uptime,level,tags

Environment Variables:
JAVA_HOME=C:\Users\zaina\Downloads\openjdk-19_windows-x64_bin\jdk-19
PATH=C:/Users/zaina/Desktop/MyFile/Me/Java/javaIDE/eclipse//plugins/org.eclipse.justj.openjdk.hotspot.jre.full.win32.x86_64_17.0.4.v20220903-1038/jre/bin/server;C:/Users/zaina/Desktop/MyFile/Me/Java/javaIDE/eclipse//plugins/org.eclipse.justj.openjdk.hotspot.jre.full.win32.x86_64_17.0.4.v20220903-1038/jre/bin;C:\WINDOWS\system32;C:\WINDOWS;C:\WINDOWS\System32\Wbem;C:\WINDOWS\System32\WindowsPowerShell\v1.0\;C:\WINDOWS\System32\OpenSSH\;C:\msys64\mingw64\bin;C:\Program Files\nodejs\;C:\Program Files\MATLAB\R2018a\runtime\win64;C:\Program Files\MATLAB\R2018a\bin;C:\Program Files\Git\cmd;C:\Users\zaina\Downloads\openjdk-19_windows-x64_bin\jdk-19\bin;C:\Program Files\MySQL\MySQL Shell 8.0\bin\;C:\Users\zaina\AppData\Local\Microsoft\WindowsApps;;C:\Users\zaina\Desktop\Microsoft VS Code\bin;C:\Users\zaina\AppData\Roaming\npm;C:\Users\zaina\Desktop\MyFile\Me\Java\javaIDE\eclipse;
USERNAME=zaina
OS=Windows_NT
PROCESSOR_IDENTIFIER=Intel64 Family 6 Model 140 Stepping 1, GenuineIntel
TMP=C:\Users\zaina\AppData\Local\Temp
TEMP=C:\Users\zaina\AppData\Local\Temp



---------------  S Y S T E M  ---------------

OS:
 Windows 11 , 64 bit Build 22000 (10.0.22000.708)
OS uptime: 9 days 2:50 hours

CPU: total 8 (initial active 8) (4 cores per cpu, 2 threads per core) family 6 model 140 stepping 1 microcode 0x9a, cx8, cmov, fxsr, ht, mmx, 3dnowpref, sse, sse2, sse3, ssse3, sse4.1, sse4.2, popcnt, lzcnt, tsc, tscinvbit, avx, avx2, aes, erms, clmul, bmi1, bmi2, adx, avx512f, avx512dq, avx512cd, avx512bw, avx512vl, sha, fma, vzeroupper, avx512_vpopcntdq, avx512_vpclmulqdq, avx512_vaes, avx512_vnni, clflush, clflushopt, clwb, avx512_vbmi2, avx512_vbmi

Memory: 4k page, system-wide physical 7959M (477M free)
TotalPageFile size 32535M (AvailPageFile size 1M)
current process WorkingSet (physical memory assigned to process): 48M, peak: 48M
current process commit charge ("private bytes"): 211M, peak: 211M

vm_info: OpenJDK 64-Bit Server VM (17.0.4.1+1) for windows-amd64 JRE (17.0.4.1+1), built on Aug 17 2022 07:42:43 by "temurin" with MS VC++ 16.7 (VS2019)

END.
